
Running node-supervisor with
  program 'bin/www'
  --watch '.'
  --extensions 'node,js'
  --exec 'node'

Starting child process with 'node bin/www'
Watching directory '/var/www/html/jk.d3/chartbone2' for changes.
[0mGET / [36m304 [0m22.901 ms - -[0m
[0mGET /resource/jquery.min.js [36m304 [0m8.882 ms - -[0m
[0mGET /resource/gridster.css [36m304 [0m1.659 ms - -[0m
[0mGET /vendor/css/bootstrap.min.css [36m304 [0m1.520 ms - -[0m
[0mGET /vendor/css/bootstrap-markdown.min.css [36m304 [0m1.386 ms - -[0m
[0mGET /vendor/css/colpick.css [36m304 [0m1.420 ms - -[0m
[0mGET /resource/jk.css [36m304 [0m1.477 ms - -[0m
[0mGET /stylesheets/index.css [36m304 [0m0.501 ms - -[0m
[0mGET /stylesheets/markdown.css [36m304 [0m1.877 ms - -[0m
[0mGET /resource/gridster.min.js [36m304 [0m0.948 ms - -[0m
[0mGET /resource/angular.min.js [36m304 [0m0.923 ms - -[0m
[0mGET /vendor/js/colpick.js [36m304 [0m1.511 ms - -[0m
[0mGET /vendor/js/bootstrap.min.js [36m304 [0m4.371 ms - -[0m
[0mGET /vendor/js/bootstrap-markdown.js [36m304 [0m4.242 ms - -[0m
[0mGET /vendor/js/awesomeCloud.min.js [36m304 [0m3.750 ms - -[0m
[0mGET /resource/jk.js [36m304 [0m1.129 ms - -[0m
[0mGET /javascripts/chart.js [36m304 [0m0.934 ms - -[0m
[0mGET /javascripts/data.js [36m304 [0m0.879 ms - -[0m
[0mGET /javascripts/index.js [36m304 [0m0.953 ms - -[0m
[0mGET /resource/jquery.min.map [33m404 [0m8.884 ms - 476[0m
[0mGET /resource/angular.min.js.map [33m404 [0m2.954 ms - 476[0m
[0mGET / [36m304 [0m8.417 ms - -[0m
[0mGET /resource/jquery.min.js [36m304 [0m1.273 ms - -[0m
[0mGET /resource/gridster.min.js [36m304 [0m2.027 ms - -[0m
[0mGET /resource/gridster.css [36m304 [0m0.528 ms - -[0m
[0mGET /vendor/css/bootstrap.min.css [36m304 [0m0.522 ms - -[0m
[0mGET /vendor/css/colpick.css [36m304 [0m0.957 ms - -[0m
[0mGET /vendor/css/bootstrap-markdown.min.css [36m304 [0m1.087 ms - -[0m
[0mGET /resource/jk.css [36m304 [0m1.314 ms - -[0m
[0mGET /stylesheets/index.css [36m304 [0m0.896 ms - -[0m
[0mGET /stylesheets/markdown.css [36m304 [0m1.558 ms - -[0m
[0mGET /vendor/js/colpick.js [36m304 [0m1.572 ms - -[0m
[0mGET /resource/angular.min.js [36m304 [0m1.387 ms - -[0m
[0mGET /vendor/js/bootstrap.min.js [36m304 [0m1.445 ms - -[0m
[0mGET /vendor/js/awesomeCloud.min.js [36m304 [0m1.798 ms - -[0m
[0mGET /vendor/js/bootstrap-markdown.js [36m304 [0m1.909 ms - -[0m
[0mGET /resource/jk.js [36m304 [0m0.869 ms - -[0m
[0mGET /javascripts/index.js [36m304 [0m0.456 ms - -[0m
[0mGET /javascripts/data.js [36m304 [0m0.625 ms - -[0m
[0mGET /javascripts/chart.js [36m304 [0m0.919 ms - -[0m
[0mGET /preview [32m200 [0m3.676 ms - 712[0m
[0mGET /resource/jquery.min.js [36m304 [0m1.090 ms - -[0m
[0mGET /resource/gridster.min.js [36m304 [0m10.599 ms - -[0m
[0mGET /vendor/js/awesomeCloud.min.js [36m304 [0m8.613 ms - -[0m
[0mGET /resource/jk.js [36m304 [0m1.322 ms - -[0m
[0mGET /resource/gridster.css [36m304 [0m1.269 ms - -[0m
[0mGET /chartbone/core.css [32m200 [0m17.787 ms - 4400[0m
[0mGET /chartbone/core.js [32m200 [0m16.773 ms - 18335[0m
[0mGET /resource/jk.css [36m304 [0m0.582 ms - -[0m
[0mGET /resource/particle.png [32m200 [0m2.252 ms - 2924[0m
Program node bin/www exited with code null

Starting child process with 'node bin/www'
Sending SIGHUP to child...
[0mGET / [36m304 [0m36.047 ms - -[0m
[0mGET /preview [32m200 [0m33.936 ms - 712[0m
[0mGET /resource/jquery.min.js [32m200 [0m9.763 ms - 85255[0m
[0mGET /resource/gridster.min.js [32m200 [0m1.870 ms - 44235[0m
[0mGET /chartbone/core.css [32m200 [0m1.640 ms - 4400[0m
[0mGET /resource/gridster.css [32m200 [0m3.684 ms - 3609[0m
[0mGET /vendor/css/bootstrap-markdown.min.css [32m200 [0m2.873 ms - 2704[0m
[0mGET /vendor/css/bootstrap.min.css [32m200 [0m3.822 ms - 117150[0m
[0mGET /vendor/css/colpick.css [32m200 [0m1.501 ms - 9471[0m
[0mGET /resource/jk.css [32m200 [0m3.807 ms - 2962[0m
[0mGET /stylesheets/index.css [32m200 [0m3.150 ms - 1973[0m
[0mGET /vendor/js/bootstrap.min.js [32m200 [0m3.407 ms - 35452[0m
[0mGET /stylesheets/markdown.css [32m200 [0m3.370 ms - 2516[0m
[0mGET /resource/angular.min.js [32m200 [0m1.885 ms - 125381[0m
[0mGET /vendor/js/colpick.js [32m200 [0m6.491 ms - 20798[0m
[0mGET /vendor/js/awesomeCloud.min.js [32m200 [0m5.969 ms - 21039[0m
[0mGET /vendor/js/bootstrap-markdown.js [32m200 [0m7.096 ms - 95611[0m
[0mGET /chartbone/core.js [32m200 [0m2.864 ms - 18335[0m
[0mGET /javascripts/data.js [32m200 [0m2.393 ms - 3141[0m
[0mGET /javascripts/chart.js [32m200 [0m2.160 ms - 20844[0m
[0mGET /javascripts/index.js [32m200 [0m2.210 ms - 6692[0m
[0mGET /resource/jk.js [32m200 [0m42.458 ms - 317610[0m
[0mGET /resource/particle.png [32m200 [0m4.143 ms - 2924[0m
[0mGET /vendor/css/bootstrap.min.css [36m304 [0m3.392 ms - -[0m
[0mGET /resource/gridster.css [36m304 [0m3.340 ms - -[0m
[0mGET /vendor/css/bootstrap-markdown.min.css [36m304 [0m4.626 ms - -[0m
[0mGET /vendor/css/colpick.css [36m304 [0m5.140 ms - -[0m
[0mGET /resource/jk.css [36m304 [0m7.711 ms - -[0m
[0mGET /stylesheets/index.css [36m304 [0m2.123 ms - -[0m
[0mGET /stylesheets/markdown.css [36m304 [0m0.817 ms - -[0m
[0mGET /chartbone/core.css [36m304 [0m0.874 ms - -[0m
[0mGET /resource/angular.min.js.map [33m404 [0m3.873 ms - 476[0m
[0mGET /resource/jquery.min.map [33m404 [0m1.008 ms - 476[0m
[0mGET / [36m304 [0m5.656 ms - -[0m
[0mGET /preview [36m304 [0m1.319 ms - -[0m
[0mGET /resource/jquery.min.js [36m304 [0m0.951 ms - -[0m
[0mGET /resource/gridster.min.js [36m304 [0m2.838 ms - -[0m
[0mGET /resource/angular.min.js [36m304 [0m2.531 ms - -[0m
[0mGET /vendor/js/colpick.js [36m304 [0m18.113 ms - -[0m
[0mGET /vendor/js/bootstrap.min.js [36m304 [0m18.414 ms - -[0m
[0mGET /vendor/js/bootstrap-markdown.js [36m304 [0m17.242 ms - -[0m
[0mGET /resource/gridster.css [36m304 [0m1.583 ms - -[0m
[0mGET /vendor/css/bootstrap.min.css [36m304 [0m1.311 ms - -[0m
[0mGET /vendor/css/bootstrap-markdown.min.css [36m304 [0m1.351 ms - -[0m
[0mGET /vendor/css/colpick.css [36m304 [0m0.714 ms - -[0m
[0mGET /resource/jk.css [36m304 [0m1.798 ms - -[0m
[0mGET /stylesheets/index.css [36m304 [0m2.504 ms - -[0m
[0mGET /stylesheets/markdown.css [36m304 [0m3.068 ms - -[0m
[0mGET /vendor/js/awesomeCloud.min.js [36m304 [0m2.123 ms - -[0m
[0mGET /chartbone/core.css [36m304 [0m1.865 ms - -[0m
[0mGET /resource/jk.js [36m304 [0m1.709 ms - -[0m
[0mGET /javascripts/data.js [36m304 [0m1.590 ms - -[0m
[0mGET /javascripts/chart.js [36m304 [0m1.585 ms - -[0m
[0mGET /javascripts/index.js [36m304 [0m2.172 ms - -[0m
[0mGET /chartbone/core.js [36m304 [0m1.228 ms - -[0m
[0mGET /resource/particle.png [36m304 [0m1.018 ms - -[0m
[0mGET /resource/jquery.min.map [33m404 [0m2.144 ms - 476[0m
[0mGET /resource/angular.min.js.map [33m404 [0m1.804 ms - 476[0m
[0mGET / [36m304 [0m4.461 ms - -[0m
[0mGET /resource/jquery.min.js [36m304 [0m3.442 ms - -[0m
[0mGET /resource/gridster.min.js [36m304 [0m1.085 ms - -[0m
[0mGET /vendor/css/bootstrap.min.css [36m304 [0m2.010 ms - -[0m
[0mGET /resource/gridster.css [36m304 [0m3.102 ms - -[0m
[0mGET /resource/angular.min.js [36m304 [0m5.202 ms - -[0m
[0mGET /vendor/css/bootstrap-markdown.min.css [36m304 [0m3.561 ms - -[0m
[0mGET /resource/jk.css [36m304 [0m3.578 ms - -[0m
[0mGET /vendor/css/colpick.css [36m304 [0m2.955 ms - -[0m
[0mGET /stylesheets/index.css [36m304 [0m0.728 ms - -[0m
[0mGET /stylesheets/markdown.css [36m304 [0m0.864 ms - -[0m
[0mGET /vendor/js/colpick.js [36m304 [0m0.791 ms - -[0m
[0mGET /vendor/js/bootstrap.min.js [36m304 [0m3.097 ms - -[0m
[0mGET /vendor/js/bootstrap-markdown.js [36m304 [0m3.100 ms - -[0m
[0mGET /vendor/js/awesomeCloud.min.js [36m304 [0m2.855 ms - -[0m
[0mGET /resource/jk.js [36m304 [0m0.754 ms - -[0m
[0mGET /javascripts/chart.js [36m304 [0m0.770 ms - -[0m
[0mGET /javascripts/data.js [36m304 [0m0.532 ms - -[0m
[0mGET /javascripts/index.js [36m304 [0m0.938 ms - -[0m
[0mGET /preview [36m304 [0m1.692 ms - -[0m
[0mGET /resource/jquery.min.js [36m304 [0m1.236 ms - -[0m
[0mGET /vendor/js/awesomeCloud.min.js [36m304 [0m2.724 ms - -[0m
[0mGET /resource/gridster.min.js [36m304 [0m3.458 ms - -[0m
[0mGET /resource/jk.js [36m304 [0m3.311 ms - -[0m
[0mGET /resource/gridster.css [36m304 [0m3.452 ms - -[0m
[0mGET /resource/jk.css [36m304 [0m1.219 ms - -[0m
[0mGET /chartbone/core.css [36m304 [0m1.392 ms - -[0m
[0mGET /chartbone/core.js [36m304 [0m0.774 ms - -[0m
[0mGET /resource/particle.png [36m304 [0m0.940 ms - -[0m
[0mGET / [36m304 [0m6.853 ms - -[0m
[0mGET /resource/jquery.min.js [36m304 [0m0.990 ms - -[0m
[0mGET /resource/gridster.min.js [36m304 [0m1.183 ms - -[0m
[0mGET /vendor/css/bootstrap.min.css [36m304 [0m1.380 ms - -[0m
[0mGET /resource/angular.min.js [36m304 [0m1.348 ms - -[0m
[0mGET /vendor/css/bootstrap-markdown.min.css [36m304 [0m2.183 ms - -[0m
[0mGET /vendor/css/colpick.css [36m304 [0m2.201 ms - -[0m
[0mGET /resource/gridster.css [36m304 [0m2.208 ms - -[0m
[0mGET /resource/jk.css [36m304 [0m2.205 ms - -[0m
[0mGET /stylesheets/index.css [36m304 [0m0.795 ms - -[0m
[0mGET /stylesheets/markdown.css [36m304 [0m0.529 ms - -[0m
[0mGET /vendor/js/colpick.js [36m304 [0m0.942 ms - -[0m
[0mGET /vendor/js/bootstrap-markdown.js [36m304 [0m0.929 ms - -[0m
[0mGET /resource/jk.js [36m304 [0m0.879 ms - -[0m
[0mGET /vendor/js/awesomeCloud.min.js [36m304 [0m1.660 ms - -[0m
[0mGET /vendor/js/bootstrap.min.js [36m304 [0m5.738 ms - -[0m
[0mGET /javascripts/index.js [36m304 [0m6.919 ms - -[0m
[0mGET /javascripts/data.js [36m304 [0m0.995 ms - -[0m
[0mGET /javascripts/chart.js [36m304 [0m0.381 ms - -[0m
[0mGET / [36m304 [0m4.749 ms - -[0m
[0mGET /resource/jquery.min.js [36m304 [0m0.895 ms - -[0m
[0mGET /resource/gridster.min.js [36m304 [0m2.680 ms - -[0m
[0mGET /vendor/js/bootstrap.min.js [36m304 [0m1.413 ms - -[0m
[0mGET /resource/angular.min.js [36m304 [0m2.717 ms - -[0m
[0mGET /vendor/js/bootstrap-markdown.js [36m304 [0m2.302 ms - -[0m
[0mGET /vendor/js/awesomeCloud.min.js [36m304 [0m2.316 ms - -[0m
[0mGET /vendor/js/colpick.js [36m304 [0m2.466 ms - -[0m
[0mGET /resource/gridster.css [36m304 [0m0.769 ms - -[0m
[0mGET /vendor/css/bootstrap.min.css [36m304 [0m0.871 ms - -[0m
[0mGET /vendor/css/bootstrap-markdown.min.css [36m304 [0m0.922 ms - -[0m
[0mGET /vendor/css/colpick.css [36m304 [0m2.756 ms - -[0m
[0mGET /resource/jk.css [36m304 [0m1.759 ms - -[0m
[0mGET /stylesheets/markdown.css [36m304 [0m1.519 ms - -[0m
[0mGET /stylesheets/index.css [36m304 [0m1.324 ms - -[0m
[0mGET /resource/jk.js [36m304 [0m0.872 ms - -[0m
[0mGET /javascripts/chart.js [36m304 [0m1.491 ms - -[0m
[0mGET /javascripts/index.js [36m304 [0m1.601 ms - -[0m
[0mGET /javascripts/data.js [36m304 [0m1.728 ms - -[0m
[0mGET / [36m304 [0m4.417 ms - -[0m
[0mGET /resource/jquery.min.js [36m304 [0m0.947 ms - -[0m
[0mGET /resource/gridster.min.js [36m304 [0m1.179 ms - -[0m
[0mGET /vendor/js/colpick.js [36m304 [0m1.245 ms - -[0m
[0mGET /resource/angular.min.js [36m304 [0m11.221 ms - -[0m
[0mGET /resource/jk.js [36m304 [0m11.182 ms - -[0m
[0mGET /vendor/js/bootstrap.min.js [36m304 [0m7.379 ms - -[0m
[0mGET /vendor/js/bootstrap-markdown.js [36m304 [0m4.837 ms - -[0m
[0mGET /resource/gridster.css [36m304 [0m1.019 ms - -[0m
[0mGET /vendor/css/bootstrap.min.css [36m304 [0m1.020 ms - -[0m
[0mGET /vendor/css/bootstrap-markdown.min.css [36m304 [0m0.898 ms - -[0m
[0mGET /vendor/css/colpick.css [36m304 [0m1.812 ms - -[0m
[0mGET /resource/jk.css [36m304 [0m2.029 ms - -[0m
[0mGET /stylesheets/index.css [36m304 [0m0.881 ms - -[0m
[0mGET /stylesheets/markdown.css [36m304 [0m1.184 ms - -[0m
[0mGET /javascripts/chart.js [36m304 [0m1.435 ms - -[0m
[0mGET /javascripts/data.js [36m304 [0m0.816 ms - -[0m
[0mGET /javascripts/index.js [36m304 [0m1.221 ms - -[0m
[0mGET /vendor/js/awesomeCloud.min.js [36m304 [0m1.286 ms - -[0m
[0mGET / [36m304 [0m3.158 ms - -[0m
[0mGET /resource/jquery.min.js [36m304 [0m3.327 ms - -[0m
[0mGET /resource/gridster.min.js [36m304 [0m2.947 ms - -[0m
[0mGET /resource/angular.min.js [36m304 [0m2.984 ms - -[0m
[0mGET /vendor/js/colpick.js [36m304 [0m2.212 ms - -[0m
[0mGET /vendor/js/bootstrap.min.js [36m304 [0m2.914 ms - -[0m
[0mGET /vendor/js/bootstrap-markdown.js [36m304 [0m2.948 ms - -[0m
[0mGET /vendor/js/awesomeCloud.min.js [36m304 [0m3.028 ms - -[0m
[0mGET /vendor/css/bootstrap.min.css [36m304 [0m2.018 ms - -[0m
[0mGET /resource/gridster.css [36m304 [0m2.031 ms - -[0m
[0mGET /vendor/css/bootstrap-markdown.min.css [36m304 [0m2.065 ms - -[0m
[0mGET /vendor/css/colpick.css [36m304 [0m3.014 ms - -[0m
[0mGET /resource/jk.css [36m304 [0m1.565 ms - -[0m
[0mGET /stylesheets/index.css [36m304 [0m1.661 ms - -[0m
[0mGET /stylesheets/markdown.css [36m304 [0m3.424 ms - -[0m
[0mGET /resource/jk.js [36m304 [0m1.151 ms - -[0m
[0mGET /javascripts/chart.js [36m304 [0m2.045 ms - -[0m
[0mGET /javascripts/data.js [36m304 [0m1.538 ms - -[0m
[0mGET /javascripts/index.js [36m304 [0m1.602 ms - -[0m
[0mGET / [36m304 [0m5.957 ms - -[0m
[0mGET /resource/jquery.min.js [36m304 [0m0.931 ms - -[0m
[0mGET /resource/angular.min.js [36m304 [0m1.668 ms - -[0m
[0mGET /resource/gridster.min.js [36m304 [0m1.410 ms - -[0m
[0mGET /vendor/js/colpick.js [36m304 [0m1.121 ms - -[0m
[0mGET /vendor/js/bootstrap.min.js [36m304 [0m1.116 ms - -[0m
[0mGET /vendor/js/bootstrap-markdown.js [36m304 [0m1.147 ms - -[0m
[0mGET /resource/gridster.css [36m304 [0m0.907 ms - -[0m
[0mGET /vendor/css/bootstrap.min.css [36m304 [0m0.515 ms - -[0m
[0mGET /vendor/css/bootstrap-markdown.min.css [36m304 [0m2.079 ms - -[0m
[0mGET /vendor/css/colpick.css [36m304 [0m2.056 ms - -[0m
[0mGET /resource/jk.css [36m304 [0m1.807 ms - -[0m
[0mGET /stylesheets/index.css [36m304 [0m1.660 ms - -[0m
[0mGET /stylesheets/markdown.css [36m304 [0m0.470 ms - -[0m
[0mGET /vendor/js/awesomeCloud.min.js [36m304 [0m0.445 ms - -[0m
[0mGET /resource/jk.js [36m304 [0m0.874 ms - -[0m
[0mGET /javascripts/chart.js [36m304 [0m0.788 ms - -[0m
[0mGET /javascripts/data.js [36m304 [0m1.060 ms - -[0m
[0mGET /javascripts/index.js [36m304 [0m1.376 ms - -[0m
[0mGET / [32m200 [0m7.660 ms - 15006[0m
[0mGET /resource/gridster.min.js [32m200 [0m1.787 ms - 44235[0m
[0mGET /resource/jquery.min.js [32m200 [0m42.994 ms - 85255[0m
[0mGET /resource/gridster.css [32m200 [0m1.983 ms - 3609[0m
[0mGET /vendor/css/bootstrap-markdown.min.css [32m200 [0m1.516 ms - 2704[0m
[0mGET /vendor/css/colpick.css [32m200 [0m1.532 ms - 9471[0m
[0mGET /vendor/css/bootstrap.min.css [32m200 [0m36.187 ms - 117150[0m
[0mGET /resource/jk.css [32m200 [0m2.244 ms - 2962[0m
[0mGET /stylesheets/index.css [32m200 [0m2.022 ms - 1973[0m
[0mGET /stylesheets/markdown.css [32m200 [0m1.410 ms - 2516[0m
[0mGET /vendor/js/colpick.js [32m200 [0m1.411 ms - 20798[0m
[0mGET /vendor/js/bootstrap.min.js [32m200 [0m2.355 ms - 35452[0m
[0mGET /vendor/js/bootstrap-markdown.js [32m200 [0m2.391 ms - 95611[0m
[0mGET /vendor/js/awesomeCloud.min.js [32m200 [0m2.140 ms - 21039[0m
[0mGET /resource/angular.min.js [32m200 [0m63.555 ms - 125381[0m
[0mGET /javascripts/chart.js [32m200 [0m1.469 ms - 20844[0m
[0mGET /javascripts/data.js [32m200 [0m1.466 ms - 3141[0m
[0mGET /javascripts/index.js [32m200 [0m3.290 ms - 6692[0m
[0mGET /resource/jk.js [32m200 [0m266.521 ms - 317610[0m
[0mGET / [36m304 [0m6.260 ms - -[0m
[0mGET /resource/jquery.min.js [36m304 [0m2.549 ms - -[0m
[0mGET /resource/gridster.css [36m304 [0m0.942 ms - -[0m
[0mGET /vendor/css/bootstrap.min.css [36m304 [0m1.168 ms - -[0m
[0mGET /vendor/css/colpick.css [36m304 [0m0.882 ms - -[0m
[0mGET /vendor/css/bootstrap-markdown.min.css [36m304 [0m1.034 ms - -[0m
[0mGET /stylesheets/markdown.css [36m304 [0m1.634 ms - -[0m
[0mGET /stylesheets/index.css [36m304 [0m0.907 ms - -[0m
[0mGET /resource/jk.css [36m304 [0m0.839 ms - -[0m
[0mGET /resource/gridster.min.js [36m304 [0m0.950 ms - -[0m
[0mGET /vendor/js/colpick.js [36m304 [0m0.842 ms - -[0m
[0mGET /resource/angular.min.js [36m304 [0m0.887 ms - -[0m
[0mGET /vendor/js/bootstrap.min.js [36m304 [0m0.805 ms - -[0m
[0mGET /vendor/js/bootstrap-markdown.js [36m304 [0m0.753 ms - -[0m
[0mGET /resource/jk.js [36m304 [0m0.897 ms - -[0m
[0mGET /vendor/js/awesomeCloud.min.js [36m304 [0m0.870 ms - -[0m
[0mGET /javascripts/chart.js [36m304 [0m0.871 ms - -[0m
[0mGET /javascripts/data.js [36m304 [0m0.951 ms - -[0m
[0mGET /javascripts/index.js [36m304 [0m0.891 ms - -[0m
[0mGET / [36m304 [0m6.264 ms - -[0m
[0mGET /resource/jquery.min.js [36m304 [0m0.872 ms - -[0m
[0mGET /resource/gridster.min.js [36m304 [0m0.788 ms - -[0m
[0mGET /resource/gridster.css [36m304 [0m0.906 ms - -[0m
[0mGET /vendor/css/bootstrap.min.css [36m304 [0m0.847 ms - -[0m
[0mGET /vendor/css/bootstrap-markdown.min.css [36m304 [0m0.922 ms - -[0m
[0mGET /vendor/css/colpick.css [36m304 [0m0.961 ms - -[0m
[0mGET /resource/jk.css [36m304 [0m0.748 ms - -[0m
[0mGET /stylesheets/index.css [36m304 [0m1.245 ms - -[0m
[0mGET /stylesheets/markdown.css [36m304 [0m1.030 ms - -[0m
[0mGET /resource/angular.min.js [36m304 [0m0.822 ms - -[0m
[0mGET /vendor/js/colpick.js [36m304 [0m0.893 ms - -[0m
[0mGET /vendor/js/bootstrap.min.js [36m304 [0m0.938 ms - -[0m
[0mGET /vendor/js/bootstrap-markdown.js [36m304 [0m0.885 ms - -[0m
[0mGET /vendor/js/awesomeCloud.min.js [36m304 [0m1.107 ms - -[0m
[0mGET /resource/jk.js [36m304 [0m0.907 ms - -[0m
[0mGET /javascripts/chart.js [36m304 [0m3.143 ms - -[0m
[0mGET /javascripts/data.js [36m304 [0m0.853 ms - -[0m
[0mGET /javascripts/index.js [36m304 [0m0.872 ms - -[0m
[0mGET /vendor/css/bootstrap.min.css [36m304 [0m0.788 ms - -[0m
[0mGET http://www.baidu.com/ [32m200 [0m10.006 ms - 15199[0m
[0mGET http://www.baidu.com/ [32m200 [0m5.882 ms - 15480[0m
[0mGET / [32m200 [0m6.777 ms - 15480[0m
[0mGET /resource/jquery.min.js [36m304 [0m1.079 ms - -[0m
[0mGET /resource/gridster.min.js [36m304 [0m0.989 ms - -[0m
[0mGET /resource/angular.min.js [36m304 [0m0.896 ms - -[0m
[0mGET /resource/gridster.css [36m304 [0m0.939 ms - -[0m
[0mGET /vendor/css/bootstrap.min.css [36m304 [0m0.963 ms - -[0m
[0mGET /vendor/css/bootstrap-markdown.min.css [36m304 [0m0.792 ms - -[0m
[0mGET /vendor/css/colpick.css [36m304 [0m0.780 ms - -[0m
[0mGET /resource/jk.css [36m304 [0m0.842 ms - -[0m
[0mGET /stylesheets/index.css [32m200 [0m1.618 ms - 1996[0m
[0mGET /stylesheets/markdown.css [36m304 [0m0.924 ms - -[0m
[0mGET /vendor/js/colpick.js [36m304 [0m3.379 ms - -[0m
[0mGET /vendor/js/bootstrap-markdown.js [36m304 [0m2.018 ms - -[0m
[0mGET /vendor/js/bootstrap.min.js [36m304 [0m1.806 ms - -[0m
[0mGET /vendor/js/awesomeCloud.min.js [36m304 [0m1.865 ms - -[0m
[0mGET /resource/jk.js [36m304 [0m0.581 ms - -[0m
[0mGET /javascripts/chart.js [32m200 [0m1.685 ms - 20131[0m
[0mGET /javascripts/data.js [32m200 [0m1.414 ms - 3149[0m
[0mGET /javascripts/index.js [32m200 [0m1.565 ms - 9794[0m
[0mGET /preview [32m200 [0m1.683 ms - 712[0m
[0mGET /resource/jquery.min.js [36m304 [0m2.227 ms - -[0m
[0mGET /resource/gridster.min.js [36m304 [0m0.853 ms - -[0m
[0mGET /vendor/js/awesomeCloud.min.js [36m304 [0m0.490 ms - -[0m
[0mGET /resource/jk.js [36m304 [0m0.897 ms - -[0m
[0mGET /resource/gridster.css [36m304 [0m0.942 ms - -[0m
[0mGET /resource/jk.css [36m304 [0m0.670 ms - -[0m
[0mGET /chartbone/core.css [32m200 [0m3.890 ms - 4400[0m
[0mGET /chartbone/core.js [32m200 [0m2.021 ms - 18335[0m
[0mGET /resource/particle.png [32m200 [0m1.824 ms - 2924[0m
[0mGET / [36m304 [0m4.984 ms - -[0m
[0mGET /resource/jquery.min.js [36m304 [0m0.700 ms - -[0m
[0mGET /resource/gridster.min.js [36m304 [0m1.035 ms - -[0m
[0mGET /resource/angular.min.js [36m304 [0m1.255 ms - -[0m
[0mGET /vendor/js/colpick.js [36m304 [0m1.840 ms - -[0m
[0mGET /vendor/js/bootstrap.min.js [36m304 [0m1.238 ms - -[0m
[0mGET /vendor/js/bootstrap-markdown.js [36m304 [0m0.775 ms - -[0m
[0mGET /vendor/js/awesomeCloud.min.js [36m304 [0m1.082 ms - -[0m
[0mGET /resource/gridster.css [36m304 [0m1.105 ms - -[0m
[0mGET /vendor/css/bootstrap.min.css [36m304 [0m0.511 ms - -[0m
[0mGET /vendor/css/bootstrap-markdown.min.css [36m304 [0m0.904 ms - -[0m
[0mGET /vendor/css/colpick.css [36m304 [0m0.890 ms - -[0m
[0mGET /resource/jk.css [36m304 [0m1.748 ms - -[0m
[0mGET /stylesheets/index.css [36m304 [0m1.806 ms - -[0m
[0mGET /stylesheets/markdown.css [36m304 [0m0.924 ms - -[0m
[0mGET /resource/jk.js [36m304 [0m1.005 ms - -[0m
[0mGET /javascripts/chart.js [36m304 [0m1.109 ms - -[0m
[0mGET /javascripts/data.js [36m304 [0m1.158 ms - -[0m
[0mGET /javascripts/index.js [36m304 [0m0.732 ms - -[0m
[0mGET /favicon.ico [33m404 [0m1.565 ms - 476[0m
[0mGET / [32m200 [0m5.005 ms - 15480[0m
[0mGET / [32m200 [0m6.216 ms - 15480[0m
[0mGET /preview [32m200 [0m1.270 ms - 712[0m
[0mGET /resource/gridster.min.js [32m200 [0m4.910 ms - 44235[0m
[0mGET /resource/jquery.min.js [32m200 [0m9.102 ms - 85255[0m
[0mGET /vendor/js/colpick.js [32m200 [0m2.127 ms - 20798[0m
[0mGET /vendor/js/bootstrap.min.js [32m200 [0m3.968 ms - 35452[0m
[0mGET /resource/angular.min.js [32m200 [0m7.811 ms - 125381[0m
[0mGET /vendor/js/bootstrap-markdown.js [32m200 [0m9.480 ms - 95611[0m
[0mGET /resource/gridster.css [32m200 [0m3.662 ms - 3609[0m
[0mGET /vendor/css/bootstrap-markdown.min.css [32m200 [0m3.114 ms - 2704[0m
[0mGET /vendor/css/bootstrap.min.css [32m200 [0m5.455 ms - 117150[0m
[0mGET /vendor/css/colpick.css [32m200 [0m1.740 ms - 9471[0m
[0mGET /resource/jk.css [32m200 [0m1.445 ms - 2962[0m
[0mGET /stylesheets/index.css [32m200 [0m1.234 ms - 1996[0m
[0mGET /stylesheets/markdown.css [32m200 [0m1.412 ms - 2516[0m
[0mGET /chartbone/core.css [32m200 [0m1.452 ms - 4400[0m
[0mGET /vendor/js/awesomeCloud.min.js [32m200 [0m1.361 ms - 21039[0m
[0mGET /javascripts/chart.js [32m200 [0m4.854 ms - 20131[0m
[0mGET /javascripts/data.js [32m200 [0m2.834 ms - 3149[0m
[0mGET /javascripts/index.js [32m200 [0m2.699 ms - 9794[0m
[0mGET /chartbone/core.js [32m200 [0m1.281 ms - 18335[0m
[0mGET /resource/jk.js [32m200 [0m20.567 ms - 317610[0m
[0mGET /resource/gridster.min.js [36m304 [0m0.876 ms - -[0m
[0mGET /resource/particle.png [32m200 [0m1.436 ms - 2924[0m
[0mGET /resource/angular.min.js [36m304 [0m1.346 ms - -[0m
[0mGET /vendor/js/colpick.js [36m304 [0m1.690 ms - -[0m
[0mGET /vendor/js/bootstrap.min.js [36m304 [0m0.908 ms - -[0m
[0mGET /vendor/js/bootstrap-markdown.js [36m304 [0m0.924 ms - -[0m
[0mGET /resource/jk.js [36m304 [0m0.851 ms - -[0m
[0mGET /vendor/css/bootstrap.min.css [36m304 [0m3.078 ms - -[0m
[0mGET /vendor/css/colpick.css [36m304 [0m2.990 ms - -[0m
[0mGET /stylesheets/index.css [36m304 [0m0.852 ms - -[0m
[0mGET /javascripts/chart.js [36m304 [0m0.563 ms - -[0m
[0mGET /javascripts/data.js [36m304 [0m0.862 ms - -[0m
[0mGET /resource/gridster.css [36m304 [0m0.876 ms - -[0m
[0mGET /vendor/css/bootstrap.min.css [36m304 [0m0.936 ms - -[0m
[0mGET /vendor/css/bootstrap-markdown.min.css [36m304 [0m1.501 ms - -[0m
[0mGET /vendor/css/colpick.css [36m304 [0m1.517 ms - -[0m
[0mGET /resource/jk.css [36m304 [0m1.588 ms - -[0m
[0mGET /stylesheets/index.css [36m304 [0m0.681 ms - -[0m
[0mGET /stylesheets/markdown.css [36m304 [0m0.565 ms - -[0m
[0mGET /chartbone/core.css [36m304 [0m0.759 ms - -[0m
[0mGET /resource/jquery.min.map [33m404 [0m1.742 ms - 476[0m
[0mGET /resource/angular.min.js.map [33m404 [0m1.395 ms - 476[0m
[0mPOST /generate [32m200 [0m26.953 ms - 25[0m
[0mGET / [36m304 [0m4.432 ms - -[0m
[0mGET /preview [36m304 [0m1.239 ms - -[0m
[0mGET /resource/jquery.min.js [36m304 [0m0.925 ms - -[0m
[0mGET /resource/gridster.min.js [36m304 [0m0.785 ms - -[0m
[0mGET /resource/angular.min.js [36m304 [0m0.819 ms - -[0m
[0mGET /vendor/js/colpick.js [36m304 [0m1.116 ms - -[0m
[0mGET /vendor/js/bootstrap.min.js [36m304 [0m1.117 ms - -[0m
[0mGET /vendor/js/bootstrap-markdown.js [36m304 [0m0.826 ms - -[0m
[0mGET /resource/gridster.css [36m304 [0m1.145 ms - -[0m
[0mGET /vendor/css/bootstrap.min.css [36m304 [0m1.191 ms - -[0m
[0mGET /vendor/css/bootstrap-markdown.min.css [36m304 [0m0.765 ms - -[0m
[0mGET /vendor/css/colpick.css [36m304 [0m0.883 ms - -[0m
[0mGET /resource/jk.css [36m304 [0m0.900 ms - -[0m
[0mGET /stylesheets/index.css [36m304 [0m0.814 ms - -[0m
[0mGET /stylesheets/markdown.css [36m304 [0m0.871 ms - -[0m
[0mGET /vendor/js/awesomeCloud.min.js [36m304 [0m1.088 ms - -[0m
[0mGET /chartbone/core.css [32m200 [0m2.444 ms - 4400[0m
[0mGET /resource/jk.js [36m304 [0m1.100 ms - -[0m
[0mGET /javascripts/chart.js [36m304 [0m1.116 ms - -[0m
[0mGET /javascripts/data.js [36m304 [0m0.800 ms - -[0m
[0mGET /javascripts/index.js [36m304 [0m0.740 ms - -[0m
[0mGET /chartbone/core.js [32m200 [0m1.407 ms - 17976[0m
[0mGET /resource/jquery.min.map [33m404 [0m1.879 ms - 476[0m
[0mGET /resource/angular.min.js.map [33m404 [0m1.077 ms - 476[0m
[0mGET http://www.baidu.com/ [32m200 [0m4.545 ms - 15480[0m
[0mGET / [32m200 [0m4.574 ms - 15480[0m
[0mGET /resource/jquery.min.js [32m200 [0m1.841 ms - 85255[0m
[0mGET /resource/gridster.css [32m200 [0m1.434 ms - 3609[0m
[0mGET /resource/jk.css [32m200 [0m3.477 ms - 2962[0m
[0mGET /vendor/css/bootstrap-markdown.min.css [32m200 [0m3.136 ms - 2704[0m
[0mGET /vendor/css/colpick.css [32m200 [0m2.806 ms - 9471[0m
[0mGET /vendor/css/bootstrap.min.css [32m200 [0m4.334 ms - 117150[0m
[0mGET /stylesheets/index.css [32m200 [0m1.550 ms - 1996[0m
[0mGET /stylesheets/markdown.css [32m200 [0m5.166 ms - 2516[0m
[0mGET /resource/gridster.min.js [32m200 [0m5.232 ms - 44235[0m
[0mGET /resource/angular.min.js [32m200 [0m5.767 ms - 125381[0m
[0mGET /vendor/js/colpick.js [32m200 [0m1.411 ms - 20798[0m
[0mGET /vendor/js/bootstrap.min.js [32m200 [0m1.574 ms - 35452[0m
[0mGET /vendor/js/bootstrap-markdown.js [32m200 [0m1.837 ms - 95611[0m
[0mGET /vendor/js/awesomeCloud.min.js [32m200 [0m1.593 ms - 21039[0m
[0mGET /javascripts/chart.js [32m200 [0m1.508 ms - 20131[0m
[0mGET /resource/jk.js [32m200 [0m70.911 ms - 317610[0m
[0mGET /javascripts/index.js [32m200 [0m1.469 ms - 9794[0m
[0mGET /javascripts/data.js [32m200 [0m1.594 ms - 3149[0m
[0mGET /resource/jquery.min.map [33m404 [0m1.484 ms - 476[0m
[0mGET /resource/angular.min.js.map [33m404 [0m1.461 ms - 476[0m
[0mGET /preview [32m200 [0m1.813 ms - 712[0m
[0mGET /chartbone/core.css [32m200 [0m2.150 ms - 4400[0m
[0mGET /resource/gridster.min.js [32m200 [0m7.736 ms - 44235[0m
[0mGET /chartbone/core.js [32m200 [0m8.303 ms - 17976[0m
[0mGET /vendor/js/awesomeCloud.min.js [32m200 [0m6.980 ms - 21039[0m
[0mGET /resource/jquery.min.js [32m200 [0m9.874 ms - 85255[0m
[0mGET /resource/gridster.css [32m200 [0m1.792 ms - 3609[0m
[0mGET /resource/jk.css [32m200 [0m1.417 ms - 2962[0m
[0mGET /resource/jk.js [32m200 [0m95.737 ms - 317610[0m
[0mGET /resource/jquery.min.map [33m404 [0m2.047 ms - 476[0m
[0mGET /resource/particle.png [32m200 [0m4.303 ms - 2924[0m
[0mGET /vendor/fonts/glyphicons-halflings-regular.woff2 [32m200 [0m10.398 ms - 18028[0m
[0mGET / [32m200 [0m4.695 ms - 15480[0m
[0mGET /resource/jquery.min.js [32m200 [0m1.910 ms - 85255[0m
[0mGET /resource/gridster.css [32m200 [0m1.512 ms - 3609[0m
[0mGET /vendor/css/colpick.css [32m200 [0m21.050 ms - 9471[0m
[0mGET /vendor/css/bootstrap-markdown.min.css [32m200 [0m20.703 ms - 2704[0m
[0mGET /vendor/css/bootstrap.min.css [32m200 [0m22.093 ms - 117150[0m
[0mGET /resource/jk.css [32m200 [0m2.318 ms - 2962[0m
[0mGET /stylesheets/index.css [32m200 [0m1.630 ms - 1996[0m
[0mGET /stylesheets/markdown.css [32m200 [0m6.746 ms - 2516[0m
[0mGET /resource/gridster.min.js [32m200 [0m6.452 ms - 44235[0m
[0mGET /resource/angular.min.js [32m200 [0m7.212 ms - 125381[0m
[0mGET /vendor/js/colpick.js [32m200 [0m1.767 ms - 20798[0m
[0mGET /vendor/js/bootstrap.min.js [32m200 [0m1.456 ms - 35452[0m
[0mGET /vendor/js/bootstrap-markdown.js [32m200 [0m1.690 ms - 95611[0m
[0mGET /vendor/js/awesomeCloud.min.js [32m200 [0m2.868 ms - 21039[0m
[0mGET /javascripts/chart.js [32m200 [0m2.425 ms - 20131[0m
[0mGET /javascripts/data.js [32m200 [0m1.373 ms - 3149[0m
[0mGET /javascripts/index.js [32m200 [0m1.577 ms - 9794[0m
[0mGET /resource/jk.js [32m200 [0m184.344 ms - 317610[0m
[0mGET /resource/jquery.min.map [33m404 [0m1.957 ms - 476[0m
[0mGET /resource/angular.min.js.map [33m404 [0m1.676 ms - 476[0m
[0mGET / [32m200 [0m5.288 ms - 15480[0m
[0mGET /resource/gridster.min.js [32m200 [0m4.556 ms - 44235[0m
[0mGET /vendor/js/colpick.js [32m200 [0m4.175 ms - 20798[0m
[0mGET /vendor/js/bootstrap.min.js [32m200 [0m3.522 ms - 35452[0m
[0mGET /resource/jquery.min.js [32m200 [0m7.493 ms - 85255[0m
[0mGET /resource/angular.min.js [32m200 [0m4.197 ms - 125381[0m
[0mGET /vendor/js/bootstrap-markdown.js [32m200 [0m3.473 ms - 95611[0m
[0mGET /resource/gridster.css [32m200 [0m1.796 ms - 3609[0m
[0mGET /vendor/css/bootstrap.min.css [32m200 [0m1.721 ms - 117150[0m
[0mGET /vendor/css/bootstrap-markdown.min.css [32m200 [0m1.547 ms - 2704[0m
[0mGET /vendor/css/colpick.css [32m200 [0m2.217 ms - 9471[0m
[0mGET /resource/jk.css [32m200 [0m1.483 ms - 2962[0m
[0mGET /stylesheets/index.css [32m200 [0m4.201 ms - 1996[0m
[0mGET /stylesheets/markdown.css [32m200 [0m4.290 ms - 2516[0m
[0mGET /vendor/js/awesomeCloud.min.js [32m200 [0m3.702 ms - 21039[0m
[0mGET /javascripts/data.js [32m200 [0m1.491 ms - 3149[0m
[0mGET /javascripts/index.js [32m200 [0m3.848 ms - 9794[0m
[0mGET /resource/jk.js [32m200 [0m65.802 ms - 317610[0m
[0mGET /resource/jquery.min.map [33m404 [0m1.391 ms - 476[0m
[0mGET /resource/angular.min.js.map [33m404 [0m1.736 ms - 476[0m
[0mGET /javascripts/chart.js [32m200 [0m2.399 ms - 20131[0m
[0mGET /favicon.ico [33m404 [0m1.564 ms - 476[0m
[0mGET / [36m304 [0m4.670 ms - -[0m
[0mGET /resource/jquery.min.js [36m304 [0m1.002 ms - -[0m
[0mGET /resource/gridster.css [36m304 [0m0.906 ms - -[0m
[0mGET /vendor/css/bootstrap.min.css [36m304 [0m7.350 ms - -[0m
[0mGET /vendor/css/colpick.css [36m304 [0m7.292 ms - -[0m
[0mGET /resource/jk.css [36m304 [0m7.691 ms - -[0m
[0mGET /vendor/css/bootstrap-markdown.min.css [36m304 [0m7.909 ms - -[0m
[0mGET /stylesheets/markdown.css [36m304 [0m1.138 ms - -[0m
[0mGET /stylesheets/index.css [36m304 [0m1.162 ms - -[0m
[0mGET /resource/gridster.min.js [36m304 [0m1.053 ms - -[0m
[0mGET /resource/angular.min.js [36m304 [0m1.942 ms - -[0m
[0mGET /vendor/js/bootstrap-markdown.js [36m304 [0m1.961 ms - -[0m
[0mGET /vendor/js/colpick.js [36m304 [0m2.238 ms - -[0m
[0mGET /vendor/js/bootstrap.min.js [36m304 [0m2.374 ms - -[0m
[0mGET /vendor/js/awesomeCloud.min.js [36m304 [0m1.065 ms - -[0m
[0mGET /resource/jk.js [36m304 [0m1.229 ms - -[0m
[0mGET /javascripts/data.js [36m304 [0m1.018 ms - -[0m
[0mGET /javascripts/chart.js [32m200 [0m2.995 ms - 20137[0m
[0mGET /javascripts/index.js [32m200 [0m2.128 ms - 9574[0m
[0mGET / [36m304 [0m5.064 ms - -[0m
[0mGET /resource/jquery.min.js [36m304 [0m1.592 ms - -[0m
[0mGET /resource/gridster.min.js [36m304 [0m1.645 ms - -[0m
[0mGET /resource/angular.min.js [36m304 [0m2.181 ms - -[0m
[0mGET /vendor/js/colpick.js [36m304 [0m1.152 ms - -[0m
[0mGET /vendor/js/bootstrap.min.js [36m304 [0m0.730 ms - -[0m
[0mGET /vendor/js/bootstrap-markdown.js [36m304 [0m0.519 ms - -[0m
[0mGET /resource/gridster.css [36m304 [0m0.458 ms - -[0m
[0mGET /vendor/css/bootstrap.min.css [36m304 [0m0.514 ms - -[0m
[0mGET /vendor/css/bootstrap-markdown.min.css [36m304 [0m0.544 ms - -[0m
[0mGET /vendor/css/colpick.css [36m304 [0m1.030 ms - -[0m
[0mGET /resource/jk.css [36m304 [0m1.055 ms - -[0m
[0mGET /stylesheets/index.css [36m304 [0m0.509 ms - -[0m
[0mGET /stylesheets/markdown.css [36m304 [0m0.605 ms - -[0m
[0mGET /vendor/js/awesomeCloud.min.js [36m304 [0m2.372 ms - -[0m
[0mGET /resource/jk.js [36m304 [0m2.358 ms - -[0m
[0mGET /javascripts/chart.js [36m304 [0m2.378 ms - -[0m
[0mGET /javascripts/data.js [36m304 [0m2.416 ms - -[0m
[0mGET /javascripts/index.js [36m304 [0m2.533 ms - -[0m
[0mGET / [36m304 [0m4.335 ms - -[0m
[0mGET /resource/jquery.min.js [36m304 [0m0.935 ms - -[0m
[0mGET /resource/gridster.min.js [36m304 [0m2.258 ms - -[0m
[0mGET /resource/angular.min.js [36m304 [0m2.687 ms - -[0m
[0mGET /vendor/js/colpick.js [36m304 [0m2.726 ms - -[0m
[0mGET /vendor/js/bootstrap.min.js [36m304 [0m2.804 ms - -[0m
[0mGET /vendor/js/bootstrap-markdown.js [36m304 [0m2.920 ms - -[0m
[0mGET /resource/gridster.css [36m304 [0m0.899 ms - -[0m
[0mGET /vendor/css/bootstrap.min.css [36m304 [0m0.716 ms - -[0m
[0mGET /vendor/css/bootstrap-markdown.min.css [36m304 [0m1.483 ms - -[0m
[0mGET /vendor/css/colpick.css [36m304 [0m1.509 ms - -[0m
[0mGET /resource/jk.css [36m304 [0m1.560 ms - -[0m
[0mGET /stylesheets/index.css [36m304 [0m1.031 ms - -[0m
[0mGET /stylesheets/markdown.css [36m304 [0m2.428 ms - -[0m
[0mGET /vendor/js/awesomeCloud.min.js [36m304 [0m0.885 ms - -[0m
[0mGET /resource/jk.js [36m304 [0m1.263 ms - -[0m
[0mGET /javascripts/data.js [36m304 [0m2.054 ms - -[0m
[0mGET /javascripts/chart.js [32m200 [0m3.256 ms - 20137[0m
[0mGET /javascripts/index.js [32m200 [0m2.831 ms - 9574[0m
[0mGET / [36m304 [0m4.699 ms - -[0m
[0mGET /resource/jquery.min.js [36m304 [0m0.930 ms - -[0m
[0mGET /resource/angular.min.js [36m304 [0m2.821 ms - -[0m
[0mGET /resource/gridster.min.js [36m304 [0m2.539 ms - -[0m
[0mGET /vendor/js/colpick.js [36m304 [0m2.493 ms - -[0m
[0mGET /vendor/js/bootstrap.min.js [36m304 [0m2.468 ms - -[0m
[0mGET /vendor/js/bootstrap-markdown.js [36m304 [0m2.587 ms - -[0m
[0mGET /resource/gridster.css [36m304 [0m0.876 ms - -[0m
[0mGET /vendor/css/bootstrap.min.css [36m304 [0m0.789 ms - -[0m
[0mGET /vendor/css/colpick.css [36m304 [0m1.109 ms - -[0m
[0mGET /vendor/css/bootstrap-markdown.min.css [36m304 [0m1.164 ms - -[0m
[0mGET /resource/jk.css [36m304 [0m1.466 ms - -[0m
[0mGET /stylesheets/index.css [36m304 [0m1.457 ms - -[0m
[0mGET /stylesheets/markdown.css [36m304 [0m1.596 ms - -[0m
[0mGET /vendor/js/awesomeCloud.min.js [36m304 [0m0.733 ms - -[0m
[0mGET /resource/jk.js [36m304 [0m0.709 ms - -[0m
[0mGET /javascripts/chart.js [36m304 [0m0.877 ms - -[0m
[0mGET /javascripts/data.js [36m304 [0m0.776 ms - -[0m
[0mGET /javascripts/index.js [36m304 [0m0.905 ms - -[0m
[0mGET / [36m304 [0m5.583 ms - -[0m
[0mGET /resource/jquery.min.js [36m304 [0m2.230 ms - -[0m
[0mGET /resource/gridster.min.js [36m304 [0m2.023 ms - -[0m
[0mGET /vendor/js/colpick.js [36m304 [0m1.752 ms - -[0m
[0mGET /resource/angular.min.js [36m304 [0m1.543 ms - -[0m
[0mGET /vendor/js/bootstrap-markdown.js [36m304 [0m1.334 ms - -[0m
[0mGET /vendor/js/bootstrap.min.js [36m304 [0m1.383 ms - -[0m
[0mGET /resource/gridster.css [36m304 [0m1.179 ms - -[0m
[0mGET /vendor/css/bootstrap.min.css [36m304 [0m1.235 ms - -[0m
[0mGET /vendor/css/bootstrap-markdown.min.css [36m304 [0m2.418 ms - -[0m
[0mGET /vendor/css/colpick.css [36m304 [0m2.958 ms - -[0m
[0mGET /resource/jk.css [36m304 [0m1.028 ms - -[0m
[0mGET /stylesheets/index.css [36m304 [0m0.920 ms - -[0m
[0mGET /stylesheets/markdown.css [36m304 [0m1.076 ms - -[0m
[0mGET /vendor/js/awesomeCloud.min.js [36m304 [0m1.185 ms - -[0m
[0mGET /javascripts/chart.js [36m304 [0m3.711 ms - -[0m
[0mGET /resource/jk.js [36m304 [0m3.536 ms - -[0m
[0mGET /javascripts/data.js [36m304 [0m1.485 ms - -[0m
[0mGET /javascripts/index.js [36m304 [0m1.286 ms - -[0m
[0mGET / [36m304 [0m6.341 ms - -[0m
[0mGET /resource/jquery.min.js [36m304 [0m1.488 ms - -[0m
[0mGET /resource/gridster.min.js [36m304 [0m1.293 ms - -[0m
[0mGET /resource/angular.min.js [36m304 [0m1.069 ms - -[0m
[0mGET /vendor/js/colpick.js [36m304 [0m1.013 ms - -[0m
[0mGET /vendor/js/bootstrap.min.js [36m304 [0m0.505 ms - -[0m
[0mGET /vendor/js/bootstrap-markdown.js [36m304 [0m0.540 ms - -[0m
[0mGET /resource/gridster.css [36m304 [0m0.792 ms - -[0m
[0mGET /vendor/css/bootstrap-markdown.min.css [36m304 [0m1.167 ms - -[0m
[0mGET /vendor/css/bootstrap.min.css [36m304 [0m1.208 ms - -[0m
[0mGET /vendor/css/colpick.css [36m304 [0m2.694 ms - -[0m
[0mGET /stylesheets/index.css [36m304 [0m2.643 ms - -[0m
[0mGET /resource/jk.css [36m304 [0m2.715 ms - -[0m
[0mGET /vendor/js/awesomeCloud.min.js [36m304 [0m1.152 ms - -[0m
[0mGET /stylesheets/markdown.css [36m304 [0m1.187 ms - -[0m
[0mGET /javascripts/chart.js [36m304 [0m1.876 ms - -[0m
[0mGET /resource/jk.js [36m304 [0m2.298 ms - -[0m
[0mGET /javascripts/data.js [36m304 [0m2.399 ms - -[0m
[0mGET /javascripts/index.js [36m304 [0m2.487 ms - -[0m
[0mGET / [36m304 [0m4.622 ms - -[0m
[0mGET /resource/jquery.min.js [36m304 [0m2.478 ms - -[0m
[0mGET /resource/gridster.min.js [36m304 [0m2.487 ms - -[0m
[0mGET /resource/angular.min.js [36m304 [0m2.474 ms - -[0m
[0mGET /vendor/js/colpick.js [36m304 [0m2.524 ms - -[0m
[0mGET /vendor/js/bootstrap.min.js [36m304 [0m2.540 ms - -[0m
[0mGET /vendor/js/bootstrap-markdown.js [36m304 [0m0.705 ms - -[0m
[0mGET /resource/gridster.css [36m304 [0m2.271 ms - -[0m
[0mGET /vendor/css/bootstrap.min.css [36m304 [0m2.292 ms - -[0m
[0mGET /vendor/css/bootstrap-markdown.min.css [36m304 [0m2.371 ms - -[0m
[0mGET /resource/jk.css [36m304 [0m2.403 ms - -[0m
[0mGET /vendor/css/colpick.css [36m304 [0m2.563 ms - -[0m
[0mGET /stylesheets/index.css [36m304 [0m0.851 ms - -[0m
[0mGET /vendor/js/awesomeCloud.min.js [36m304 [0m1.614 ms - -[0m
[0mGET /stylesheets/markdown.css [36m304 [0m1.666 ms - -[0m
[0mGET /resource/jk.js [36m304 [0m2.895 ms - -[0m
[0mGET /javascripts/chart.js [36m304 [0m1.939 ms - -[0m
[0mGET /javascripts/data.js [36m304 [0m1.989 ms - -[0m
[0mGET /javascripts/index.js [36m304 [0m2.088 ms - -[0m
[0mGET / [36m304 [0m4.473 ms - -[0m
[0mGET /resource/jquery.min.js [36m304 [0m0.943 ms - -[0m
[0mGET /resource/gridster.min.js [36m304 [0m2.352 ms - -[0m
[0mGET /resource/angular.min.js [36m304 [0m2.033 ms - -[0m
[0mGET /vendor/js/colpick.js [36m304 [0m1.834 ms - -[0m
[0mGET /vendor/js/bootstrap-markdown.js [36m304 [0m1.597 ms - -[0m
[0mGET /vendor/js/bootstrap.min.js [36m304 [0m1.438 ms - -[0m
[0mGET /resource/gridster.css [36m304 [0m0.479 ms - -[0m
[0mGET /vendor/css/bootstrap.min.css [36m304 [0m2.504 ms - -[0m
[0mGET /vendor/css/bootstrap-markdown.min.css [36m304 [0m2.107 ms - -[0m
[0mGET /vendor/css/colpick.css [36m304 [0m1.865 ms - -[0m
[0mGET /stylesheets/index.css [36m304 [0m1.653 ms - -[0m
[0mGET /resource/jk.css [36m304 [0m1.452 ms - -[0m
[0mGET /stylesheets/markdown.css [36m304 [0m1.273 ms - -[0m
[0mGET /vendor/js/awesomeCloud.min.js [36m304 [0m0.723 ms - -[0m
[0mGET /resource/jk.js [36m304 [0m0.902 ms - -[0m
[0mGET /javascripts/data.js [36m304 [0m1.483 ms - -[0m
[0mGET /javascripts/index.js [36m304 [0m1.482 ms - -[0m
[0mGET /javascripts/chart.js [36m304 [0m1.575 ms - -[0m
[0mGET / [36m304 [0m6.722 ms - -[0m
[0mGET /resource/gridster.min.js [36m304 [0m1.663 ms - -[0m
[0mGET /resource/jquery.min.js [36m304 [0m1.702 ms - -[0m
[0mGET /resource/gridster.css [36m304 [0m1.964 ms - -[0m
[0mGET /vendor/css/bootstrap.min.css [36m304 [0m1.171 ms - -[0m
[0mGET /vendor/css/bootstrap-markdown.min.css [36m304 [0m1.376 ms - -[0m
[0mGET /vendor/css/colpick.css [36m304 [0m0.891 ms - -[0m
[0mGET /resource/jk.css [36m304 [0m0.801 ms - -[0m
[0mGET /stylesheets/index.css [36m304 [0m0.839 ms - -[0m
[0mGET /stylesheets/markdown.css [36m304 [0m0.846 ms - -[0m
[0mGET /resource/angular.min.js [36m304 [0m1.165 ms - -[0m
[0mGET /vendor/js/colpick.js [36m304 [0m1.327 ms - -[0m
[0mGET /vendor/js/bootstrap.min.js [36m304 [0m0.846 ms - -[0m
[0mGET /vendor/js/bootstrap-markdown.js [36m304 [0m0.843 ms - -[0m
[0mGET /vendor/js/awesomeCloud.min.js [36m304 [0m0.710 ms - -[0m
[0mGET /resource/jk.js [36m304 [0m0.894 ms - -[0m
[0mGET /javascripts/chart.js [36m304 [0m0.727 ms - -[0m
[0mGET /javascripts/data.js [36m304 [0m1.192 ms - -[0m
[0mGET /javascripts/index.js [36m304 [0m1.201 ms - -[0m
[0mGET / [36m304 [0m4.458 ms - -[0m
[0mGET /resource/jquery.min.js [36m304 [0m1.978 ms - -[0m
[0mGET /resource/angular.min.js [36m304 [0m1.930 ms - -[0m
[0mGET /resource/gridster.min.js [36m304 [0m1.957 ms - -[0m
[0mGET /vendor/js/colpick.js [36m304 [0m2.051 ms - -[0m
[0mGET /vendor/js/bootstrap.min.js [36m304 [0m1.019 ms - -[0m
[0mGET /vendor/js/bootstrap-markdown.js [36m304 [0m1.077 ms - -[0m
[0mGET /resource/gridster.css [36m304 [0m1.153 ms - -[0m
[0mGET /vendor/css/bootstrap.min.css [36m304 [0m1.201 ms - -[0m
[0mGET /vendor/css/bootstrap-markdown.min.css [36m304 [0m3.630 ms - -[0m
[0mGET /vendor/css/colpick.css [36m304 [0m4.528 ms - -[0m
[0mGET /resource/jk.css [36m304 [0m1.073 ms - -[0m
[0mGET /stylesheets/index.css [36m304 [0m1.160 ms - -[0m
[0mGET /stylesheets/markdown.css [36m304 [0m0.801 ms - -[0m
[0mGET /vendor/js/awesomeCloud.min.js [36m304 [0m0.489 ms - -[0m
[0mGET /resource/jk.js [36m304 [0m1.879 ms - -[0m
[0mGET /javascripts/chart.js [36m304 [0m1.908 ms - -[0m
[0mGET /javascripts/data.js [36m304 [0m1.973 ms - -[0m
[0mGET /javascripts/index.js [36m304 [0m2.099 ms - -[0m
[0mGET / [36m304 [0m4.528 ms - -[0m
[0mGET /resource/jquery.min.js [36m304 [0m0.899 ms - -[0m
[0mGET /resource/gridster.css [36m304 [0m0.917 ms - -[0m
[0mGET /vendor/css/bootstrap.min.css [36m304 [0m2.155 ms - -[0m
[0mGET /vendor/css/bootstrap-markdown.min.css [36m304 [0m2.131 ms - -[0m
[0mGET /vendor/css/colpick.css [36m304 [0m2.121 ms - -[0m
[0mGET /resource/jk.css [36m304 [0m2.117 ms - -[0m
[0mGET /stylesheets/index.css [36m304 [0m0.741 ms - -[0m
[0mGET /resource/gridster.min.js [36m304 [0m1.138 ms - -[0m
[0mGET /stylesheets/markdown.css [36m304 [0m1.198 ms - -[0m
[0mGET /resource/angular.min.js [36m304 [0m1.487 ms - -[0m
[0mGET /vendor/js/colpick.js [36m304 [0m1.594 ms - -[0m
[0mGET /vendor/js/bootstrap.min.js [36m304 [0m2.192 ms - -[0m
[0mGET /vendor/js/bootstrap-markdown.js [36m304 [0m0.778 ms - -[0m
[0mGET /resource/jk.js [36m304 [0m1.517 ms - -[0m
[0mGET /vendor/js/awesomeCloud.min.js [36m304 [0m1.519 ms - -[0m
[0mGET /javascripts/chart.js [36m304 [0m2.423 ms - -[0m
[0mGET /javascripts/data.js [36m304 [0m1.488 ms - -[0m
[0mGET /javascripts/index.js [36m304 [0m1.556 ms - -[0m
[0mGET / [36m304 [0m4.950 ms - -[0m
[0mGET /resource/jquery.min.js [36m304 [0m2.750 ms - -[0m
[0mGET /vendor/js/colpick.js [36m304 [0m2.726 ms - -[0m
[0mGET /resource/gridster.min.js [36m304 [0m2.791 ms - -[0m
[0mGET /vendor/js/bootstrap.min.js [36m304 [0m2.848 ms - -[0m
[0mGET /vendor/js/bootstrap-markdown.js [36m304 [0m2.888 ms - -[0m
[0mGET /resource/angular.min.js [36m304 [0m3.014 ms - -[0m
[0mGET /vendor/css/bootstrap-markdown.min.css [36m304 [0m4.793 ms - -[0m
[0mGET /resource/gridster.css [36m304 [0m4.803 ms - -[0m
[0mGET /vendor/css/bootstrap.min.css [36m304 [0m2.925 ms - -[0m
[0mGET /vendor/css/colpick.css [36m304 [0m2.918 ms - -[0m
[0mGET /resource/jk.css [36m304 [0m2.956 ms - -[0m
[0mGET /stylesheets/index.css [36m304 [0m3.065 ms - -[0m
[0mGET /stylesheets/markdown.css [36m304 [0m2.702 ms - -[0m
[0mGET /vendor/js/awesomeCloud.min.js [36m304 [0m2.754 ms - -[0m
[0mGET /javascripts/chart.js [36m304 [0m2.739 ms - -[0m
[0mGET /resource/jk.js [36m304 [0m2.843 ms - -[0m
[0mGET /javascripts/data.js [36m304 [0m2.891 ms - -[0m
[0mGET /javascripts/index.js [36m304 [0m3.067 ms - -[0m
[0mGET / [36m304 [0m4.349 ms - -[0m
[0mGET /resource/jquery.min.js [36m304 [0m0.970 ms - -[0m
[0mGET /resource/gridster.css [36m304 [0m0.863 ms - -[0m
[0mGET /vendor/css/bootstrap.min.css [36m304 [0m0.849 ms - -[0m
[0mGET /resource/jk.css [36m304 [0m1.583 ms - -[0m
[0mGET /vendor/css/bootstrap-markdown.min.css [36m304 [0m1.596 ms - -[0m
[0mGET /vendor/css/colpick.css [36m304 [0m2.071 ms - -[0m
[0mGET /stylesheets/index.css [36m304 [0m1.135 ms - -[0m
[0mGET /stylesheets/markdown.css [36m304 [0m0.842 ms - -[0m
[0mGET /vendor/js/bootstrap-markdown.js [36m304 [0m0.804 ms - -[0m
[0mGET /vendor/js/bootstrap.min.js [36m304 [0m1.575 ms - -[0m
[0mGET /vendor/js/awesomeCloud.min.js [36m304 [0m1.644 ms - -[0m
[0mGET /vendor/js/colpick.js [36m304 [0m2.100 ms - -[0m
[0mGET /resource/jk.js [36m304 [0m1.152 ms - -[0m
[0mGET /resource/angular.min.js [36m304 [0m0.784 ms - -[0m
[0mGET /resource/gridster.min.js [36m304 [0m0.739 ms - -[0m
[0mGET /javascripts/chart.js [36m304 [0m1.129 ms - -[0m
[0mGET /javascripts/data.js [36m304 [0m1.175 ms - -[0m
[0mGET /javascripts/index.js [36m304 [0m0.685 ms - -[0m
[0mGET / [36m304 [0m4.410 ms - -[0m
[0mGET /resource/jquery.min.js [36m304 [0m0.900 ms - -[0m
[0mGET /vendor/css/bootstrap.min.css [36m304 [0m1.096 ms - -[0m
[0mGET /stylesheets/markdown.css [36m304 [0m1.755 ms - -[0m
[0mGET /resource/gridster.css [36m304 [0m1.463 ms - -[0m
[0mGET /vendor/css/bootstrap-markdown.min.css [36m304 [0m1.237 ms - -[0m
[0mGET /vendor/css/colpick.css [36m304 [0m1.035 ms - -[0m
[0mGET /resource/jk.js [36m304 [0m2.651 ms - -[0m
[0mGET /resource/jk.css [36m304 [0m2.724 ms - -[0m
[0mGET /resource/angular.min.js [36m304 [0m2.707 ms - -[0m
[0mGET /stylesheets/index.css [36m304 [0m2.762 ms - -[0m
[0mGET /vendor/js/colpick.js [36m304 [0m2.810 ms - -[0m
[0mGET /resource/gridster.min.js [36m304 [0m2.914 ms - -[0m
[0mGET /vendor/js/bootstrap.min.js [36m304 [0m0.879 ms - -[0m
[0mGET /vendor/js/awesomeCloud.min.js [36m304 [0m1.083 ms - -[0m
[0mGET /vendor/js/bootstrap-markdown.js [36m304 [0m2.321 ms - -[0m
[0mGET /javascripts/chart.js [36m304 [0m1.854 ms - -[0m
[0mGET /javascripts/data.js [36m304 [0m1.865 ms - -[0m
[0mGET /javascripts/index.js [36m304 [0m1.963 ms - -[0m
[0mGET / [36m304 [0m4.350 ms - -[0m
[0mGET /resource/jquery.min.js [36m304 [0m1.239 ms - -[0m
[0mGET /resource/gridster.min.js [36m304 [0m1.425 ms - -[0m
[0mGET /resource/angular.min.js [36m304 [0m0.679 ms - -[0m
[0mGET /vendor/js/colpick.js [36m304 [0m1.600 ms - -[0m
[0mGET /vendor/js/bootstrap.min.js [36m304 [0m1.705 ms - -[0m
[0mGET /vendor/js/awesomeCloud.min.js [36m304 [0m2.160 ms - -[0m
[0mGET /resource/jk.js [36m304 [0m1.942 ms - -[0m
[0mGET /resource/gridster.css [36m304 [0m1.417 ms - -[0m
[0mGET /vendor/js/bootstrap-markdown.js [36m304 [0m1.193 ms - -[0m
[0mGET /vendor/css/bootstrap-markdown.min.css [36m304 [0m0.418 ms - -[0m
[0mGET /vendor/css/bootstrap.min.css [36m304 [0m0.448 ms - -[0m
[0mGET /vendor/css/colpick.css [36m304 [0m1.786 ms - -[0m
[0mGET /stylesheets/markdown.css [36m304 [0m1.973 ms - -[0m
[0mGET /stylesheets/index.css [36m304 [0m1.960 ms - -[0m
[0mGET /resource/jk.css [36m304 [0m2.080 ms - -[0m
[0mGET /javascripts/index.js [36m304 [0m0.442 ms - -[0m
[0mGET /javascripts/chart.js [36m304 [0m0.458 ms - -[0m
[0mGET /javascripts/data.js [36m304 [0m0.869 ms - -[0m
[0mGET / [32m200 [0m7.173 ms - 15480[0m
[0mGET /resource/jquery.min.js [32m200 [0m2.713 ms - 85255[0m
[0mGET /resource/gridster.min.js [32m200 [0m4.449 ms - 44235[0m
[0mGET /resource/gridster.css [32m200 [0m3.498 ms - 3609[0m
[0mGET /vendor/css/bootstrap-markdown.min.css [32m200 [0m1.413 ms - 2704[0m
[0mGET /vendor/css/colpick.css [32m200 [0m1.306 ms - 9471[0m
[0mGET /vendor/css/bootstrap.min.css [32m200 [0m8.314 ms - 117150[0m
[0mGET /resource/jk.css [32m200 [0m1.960 ms - 2962[0m
[0mGET /stylesheets/index.css [32m200 [0m4.671 ms - 1996[0m
[0mGET /stylesheets/markdown.css [32m200 [0m3.106 ms - 2516[0m
[0mGET /resource/angular.min.js [32m200 [0m2.760 ms - 125381[0m
[0mGET /vendor/js/colpick.js [32m200 [0m1.222 ms - 20798[0m
[0mGET /vendor/js/bootstrap.min.js [32m200 [0m1.479 ms - 35452[0m
[0mGET /vendor/js/awesomeCloud.min.js [32m200 [0m1.796 ms - 21039[0m
[0mGET /vendor/js/bootstrap-markdown.js [32m200 [0m9.268 ms - 95611[0m
[0mGET /javascripts/chart.js [32m200 [0m1.400 ms - 20137[0m
[0mGET /javascripts/data.js [32m200 [0m1.675 ms - 3149[0m
[0mGET /javascripts/index.js [32m200 [0m1.437 ms - 9574[0m
[0mGET /resource/jk.js [32m200 [0m16.470 ms - 317610[0m
[0mGET / [36m304 [0m4.750 ms - -[0m
[0mGET /resource/jquery.min.js [36m304 [0m0.917 ms - -[0m
[0mGET /vendor/css/bootstrap-markdown.min.css [36m304 [0m1.226 ms - -[0m
[0mGET /resource/gridster.css [36m304 [0m1.236 ms - -[0m
[0mGET /vendor/css/bootstrap.min.css [36m304 [0m0.789 ms - -[0m
[0mGET /vendor/css/colpick.css [36m304 [0m0.948 ms - -[0m
[0mGET /resource/jk.css [36m304 [0m1.052 ms - -[0m
[0mGET /stylesheets/index.css [36m304 [0m1.085 ms - -[0m
[0mGET /stylesheets/markdown.css [36m304 [0m0.688 ms - -[0m
[0mGET /resource/gridster.min.js [36m304 [0m0.810 ms - -[0m
[0mGET /resource/angular.min.js [36m304 [0m0.798 ms - -[0m
[0mGET /vendor/js/bootstrap-markdown.js [36m304 [0m0.868 ms - -[0m
[0mGET /vendor/js/colpick.js [36m304 [0m0.853 ms - -[0m
[0mGET /vendor/js/bootstrap.min.js [36m304 [0m1.504 ms - -[0m
[0mGET /vendor/js/awesomeCloud.min.js [36m304 [0m1.455 ms - -[0m
[0mGET /resource/jk.js [36m304 [0m1.561 ms - -[0m
[0mGET /javascripts/chart.js [36m304 [0m0.855 ms - -[0m
[0mGET /javascripts/data.js [36m304 [0m0.863 ms - -[0m
[0mGET /javascripts/index.js [36m304 [0m0.892 ms - -[0m
[0mGET / [36m304 [0m4.284 ms - -[0m
[0mGET /resource/jquery.min.js [36m304 [0m0.997 ms - -[0m
[0mGET /resource/gridster.css [36m304 [0m2.266 ms - -[0m
[0mGET /vendor/css/bootstrap.min.css [36m304 [0m2.108 ms - -[0m
[0mGET /vendor/css/bootstrap-markdown.min.css [36m304 [0m2.116 ms - -[0m
[0mGET /vendor/css/colpick.css [36m304 [0m2.163 ms - -[0m
[0mGET /resource/jk.css [36m304 [0m1.139 ms - -[0m
[0mGET /stylesheets/index.css [36m304 [0m1.140 ms - -[0m
[0mGET /stylesheets/markdown.css [36m304 [0m0.752 ms - -[0m
[0mGET /resource/gridster.min.js [36m304 [0m1.160 ms - -[0m
[0mGET /resource/angular.min.js [36m304 [0m1.172 ms - -[0m
[0mGET /vendor/js/colpick.js [36m304 [0m1.042 ms - -[0m
[0mGET /vendor/js/bootstrap.min.js [36m304 [0m1.071 ms - -[0m
[0mGET /vendor/js/bootstrap-markdown.js [36m304 [0m0.579 ms - -[0m
[0mGET /vendor/js/awesomeCloud.min.js [36m304 [0m0.725 ms - -[0m
[0mGET /resource/jk.js [36m304 [0m0.479 ms - -[0m
[0mGET /javascripts/chart.js [36m304 [0m0.703 ms - -[0m
[0mGET /javascripts/data.js [36m304 [0m1.083 ms - -[0m
[0mGET /javascripts/index.js [36m304 [0m1.151 ms - -[0m
[0mGET / [36m304 [0m4.259 ms - -[0m
[0mGET /resource/jquery.min.js [36m304 [0m0.799 ms - -[0m
[0mGET /resource/gridster.min.js [36m304 [0m1.125 ms - -[0m
[0mGET /resource/angular.min.js [36m304 [0m1.201 ms - -[0m
[0mGET /vendor/js/colpick.js [36m304 [0m7.097 ms - -[0m
[0mGET /vendor/js/bootstrap.min.js [36m304 [0m5.367 ms - -[0m
[0mGET /vendor/js/bootstrap-markdown.js [36m304 [0m8.703 ms - -[0m
[0mGET /resource/gridster.css [36m304 [0m0.577 ms - -[0m
[0mGET /vendor/css/bootstrap.min.css [36m304 [0m0.806 ms - -[0m
[0mGET /vendor/css/bootstrap-markdown.min.css [36m304 [0m0.525 ms - -[0m
[0mGET /vendor/css/colpick.css [36m304 [0m0.887 ms - -[0m
[0mGET /resource/jk.css [36m304 [0m0.863 ms - -[0m
[0mGET /stylesheets/index.css [36m304 [0m0.843 ms - -[0m
[0mGET /vendor/js/awesomeCloud.min.js [36m304 [0m1.511 ms - -[0m
[0mGET /stylesheets/markdown.css [36m304 [0m2.552 ms - -[0m
[0mGET /resource/jk.js [36m304 [0m2.364 ms - -[0m
[0mGET /javascripts/chart.js [36m304 [0m0.515 ms - -[0m
[0mGET /javascripts/data.js [36m304 [0m0.558 ms - -[0m
[0mGET /javascripts/index.js [36m304 [0m0.864 ms - -[0m
[0mGET /resource/gridster.css [36m304 [0m0.838 ms - -[0m
[0mGET /vendor/css/bootstrap-markdown.min.css [36m304 [0m1.083 ms - -[0m
[0mGET /vendor/css/bootstrap.min.css [36m304 [0m1.570 ms - -[0m
[0mGET /vendor/css/colpick.css [36m304 [0m1.158 ms - -[0m
[0mGET /resource/jk.css [36m304 [0m0.591 ms - -[0m
[0mGET /stylesheets/index.css [36m304 [0m0.495 ms - -[0m
[0mGET /javascripts/data.js [36m304 [0m0.806 ms - -[0m
[0mGET /javascripts/index.js [36m304 [0m0.931 ms - -[0m
[0mGET / [36m304 [0m7.809 ms - -[0m
[0mGET /resource/jquery.min.js [36m304 [0m0.852 ms - -[0m
[0mGET /resource/gridster.css [36m304 [0m0.834 ms - -[0m
[0mGET /vendor/css/bootstrap.min.css [36m304 [0m1.174 ms - -[0m
[0mGET /vendor/css/bootstrap-markdown.min.css [36m304 [0m2.692 ms - -[0m
[0mGET /vendor/css/colpick.css [36m304 [0m0.976 ms - -[0m
[0mGET /stylesheets/index.css [36m304 [0m0.718 ms - -[0m
[0mGET /resource/jk.css [36m304 [0m0.753 ms - -[0m
[0mGET /stylesheets/markdown.css [36m304 [0m0.776 ms - -[0m
[0mGET /resource/gridster.min.js [36m304 [0m0.866 ms - -[0m
[0mGET /resource/angular.min.js [36m304 [0m1.061 ms - -[0m
[0mGET /vendor/js/colpick.js [36m304 [0m1.963 ms - -[0m
[0mGET /vendor/js/bootstrap.min.js [36m304 [0m1.488 ms - -[0m
[0mGET /vendor/js/bootstrap-markdown.js [36m304 [0m2.031 ms - -[0m
[0mGET /vendor/js/awesomeCloud.min.js [36m304 [0m1.104 ms - -[0m
[0mGET /resource/jk.js [36m304 [0m0.689 ms - -[0m
[0mGET /javascripts/chart.js [36m304 [0m0.947 ms - -[0m
[0mGET /javascripts/data.js [36m304 [0m1.099 ms - -[0m
[0mGET /javascripts/index.js [36m304 [0m1.175 ms - -[0m
[0mGET / [36m304 [0m4.477 ms - -[0m
[0mGET /resource/jquery.min.js [36m304 [0m0.948 ms - -[0m
[0mGET /resource/gridster.css [36m304 [0m0.777 ms - -[0m
[0mGET /vendor/css/bootstrap.min.css [36m304 [0m0.745 ms - -[0m
[0mGET /vendor/css/bootstrap-markdown.min.css [36m304 [0m0.937 ms - -[0m
[0mGET /vendor/css/colpick.css [36m304 [0m0.724 ms - -[0m
[0mGET /resource/jk.css [36m304 [0m1.121 ms - -[0m
[0mGET /stylesheets/index.css [36m304 [0m1.135 ms - -[0m
[0mGET /stylesheets/markdown.css [36m304 [0m1.636 ms - -[0m
[0mGET /resource/gridster.min.js [36m304 [0m0.834 ms - -[0m
[0mGET /resource/angular.min.js [36m304 [0m0.810 ms - -[0m
[0mGET /vendor/js/colpick.js [36m304 [0m0.930 ms - -[0m
[0mGET /vendor/js/bootstrap.min.js [36m304 [0m0.884 ms - -[0m
[0mGET /vendor/js/bootstrap-markdown.js [36m304 [0m0.882 ms - -[0m
[0mGET /resource/jk.js [36m304 [0m1.203 ms - -[0m
[0mGET /vendor/js/awesomeCloud.min.js [36m304 [0m2.132 ms - -[0m
[0mGET /javascripts/data.js [36m304 [0m1.549 ms - -[0m
[0mGET /javascripts/chart.js [36m304 [0m2.011 ms - -[0m
[0mGET /javascripts/index.js [36m304 [0m1.089 ms - -[0m
[0mGET / [36m304 [0m4.337 ms - -[0m
[0mGET /resource/jquery.min.js [36m304 [0m0.931 ms - -[0m
[0mGET /vendor/css/bootstrap.min.css [36m304 [0m1.239 ms - -[0m
[0mGET /resource/gridster.css [36m304 [0m1.227 ms - -[0m
[0mGET /vendor/css/bootstrap-markdown.min.css [36m304 [0m1.119 ms - -[0m
[0mGET /vendor/css/colpick.css [36m304 [0m1.501 ms - -[0m
[0mGET /resource/jk.css [36m304 [0m0.761 ms - -[0m
[0mGET /stylesheets/index.css [36m304 [0m0.464 ms - -[0m
[0mGET /stylesheets/markdown.css [36m304 [0m0.727 ms - -[0m
[0mGET /resource/gridster.min.js [36m304 [0m0.826 ms - -[0m
[0mGET /resource/angular.min.js [36m304 [0m4.502 ms - -[0m
[0mGET /vendor/js/colpick.js [36m304 [0m1.897 ms - -[0m
[0mGET /vendor/js/bootstrap.min.js [36m304 [0m1.895 ms - -[0m
[0mGET /vendor/js/bootstrap-markdown.js [36m304 [0m1.939 ms - -[0m
[0mGET /vendor/js/awesomeCloud.min.js [36m304 [0m2.041 ms - -[0m
[0mGET /resource/jk.js [36m304 [0m0.520 ms - -[0m
[0mGET /javascripts/chart.js [36m304 [0m0.446 ms - -[0m
[0mGET /javascripts/index.js [36m304 [0m1.118 ms - -[0m
[0mGET /javascripts/data.js [36m304 [0m1.222 ms - -[0m
[0mGET / [36m304 [0m4.349 ms - -[0m
[0mGET /resource/jquery.min.js [36m304 [0m1.792 ms - -[0m
[0mGET /resource/gridster.min.js [36m304 [0m1.824 ms - -[0m
[0mGET /resource/angular.min.js [36m304 [0m1.838 ms - -[0m
[0mGET /vendor/js/colpick.js [36m304 [0m1.136 ms - -[0m
[0mGET /vendor/js/bootstrap.min.js [36m304 [0m1.141 ms - -[0m
[0mGET /vendor/js/bootstrap-markdown.js [36m304 [0m1.058 ms - -[0m
[0mGET /resource/gridster.css [36m304 [0m1.086 ms - -[0m
[0mGET /vendor/css/bootstrap.min.css [36m304 [0m1.514 ms - -[0m
[0mGET /vendor/css/bootstrap-markdown.min.css [36m304 [0m1.475 ms - -[0m
[0mGET /vendor/css/colpick.css [36m304 [0m2.011 ms - -[0m
[0mGET /resource/jk.css [36m304 [0m1.933 ms - -[0m
[0mGET /stylesheets/index.css [36m304 [0m1.446 ms - -[0m
[0mGET /stylesheets/markdown.css [36m304 [0m1.482 ms - -[0m
[0mGET /vendor/js/awesomeCloud.min.js [36m304 [0m0.881 ms - -[0m
[0mGET /resource/jk.js [36m304 [0m4.693 ms - -[0m
[0mGET /javascripts/chart.js [36m304 [0m4.436 ms - -[0m
[0mGET /javascripts/data.js [36m304 [0m1.059 ms - -[0m
[0mGET /javascripts/index.js [36m304 [0m0.956 ms - -[0m
[0mGET /vendor/fonts/glyphicons-halflings-regular.woff2 [32m200 [0m2.206 ms - 18028[0m
[0mGET / [36m304 [0m4.677 ms - -[0m
[0mGET /resource/jquery.min.js [36m304 [0m0.860 ms - -[0m
[0mGET /resource/gridster.min.js [36m304 [0m0.865 ms - -[0m
[0mGET /resource/angular.min.js [36m304 [0m0.934 ms - -[0m
[0mGET /vendor/js/colpick.js [36m304 [0m0.964 ms - -[0m
[0mGET /vendor/js/bootstrap.min.js [36m304 [0m1.150 ms - -[0m
[0mGET /vendor/js/bootstrap-markdown.js [36m304 [0m1.173 ms - -[0m
[0mGET /resource/gridster.css [36m304 [0m1.058 ms - -[0m
[0mGET /vendor/css/bootstrap.min.css [36m304 [0m1.126 ms - -[0m
[0mGET /vendor/css/bootstrap-markdown.min.css [36m304 [0m0.779 ms - -[0m
[0mGET /vendor/css/colpick.css [36m304 [0m1.121 ms - -[0m
[0mGET /resource/jk.css [36m304 [0m2.339 ms - -[0m
[0mGET /stylesheets/index.css [36m304 [0m1.900 ms - -[0m
[0mGET /stylesheets/markdown.css [36m304 [0m1.961 ms - -[0m
[0mGET /vendor/js/awesomeCloud.min.js [36m304 [0m2.089 ms - -[0m
[0mGET /resource/jk.js [36m304 [0m0.701 ms - -[0m
[0mGET /javascripts/chart.js [36m304 [0m1.007 ms - -[0m
[0mGET /javascripts/data.js [36m304 [0m1.041 ms - -[0m
[0mGET /javascripts/index.js [36m304 [0m0.792 ms - -[0m
[0mGET / [36m304 [0m4.807 ms - -[0m
[0mGET /resource/jquery.min.js [36m304 [0m0.923 ms - -[0m
[0mGET /resource/gridster.css [36m304 [0m2.018 ms - -[0m
[0mGET /vendor/css/bootstrap.min.css [36m304 [0m2.000 ms - -[0m
[0mGET /vendor/css/colpick.css [36m304 [0m2.000 ms - -[0m
[0mGET /vendor/css/bootstrap-markdown.min.css [36m304 [0m2.467 ms - -[0m
[0mGET /resource/jk.css [36m304 [0m1.094 ms - -[0m
[0mGET /stylesheets/index.css [36m304 [0m0.814 ms - -[0m
[0mGET /resource/gridster.min.js [36m304 [0m1.902 ms - -[0m
[0mGET /stylesheets/markdown.css [36m304 [0m1.895 ms - -[0m
[0mGET /resource/angular.min.js [36m304 [0m5.415 ms - -[0m
[0mGET /vendor/js/colpick.js [36m304 [0m5.447 ms - -[0m
[0mGET /vendor/js/bootstrap.min.js [36m304 [0m0.597 ms - -[0m
[0mGET /vendor/js/bootstrap-markdown.js [36m304 [0m0.418 ms - -[0m
[0mGET /vendor/js/awesomeCloud.min.js [36m304 [0m0.741 ms - -[0m
[0mGET /resource/jk.js [36m304 [0m0.881 ms - -[0m
[0mGET /javascripts/chart.js [36m304 [0m0.872 ms - -[0m
[0mGET /javascripts/index.js [36m304 [0m1.089 ms - -[0m
[0mGET /javascripts/data.js [36m304 [0m1.152 ms - -[0m
[0mGET /favicon.ico [33m404 [0m1.462 ms - 476[0m
